# JRE version: Java(TM) SE Runtime Environment (10.0.1+10) (build 10.0.1+10)
# Java VM: Java HotSpot(TM) 64-Bit Server VM (10.0.1+10, mixed mode, tiered, compressed oops, g1 gc, windows-amd64)
Heap:
 garbage-first heap   total 129024K, used 49098K [0x0000000082200000, 0x0000000100000000)
  region size 1024K, 39 young (39936K), 4 survivors (4096K)
 Metaspace       used 29920K, capacity 30911K, committed 31484K, reserved 1077248K
  class space    used 3599K, capacity 4052K, committed 4096K, reserved 1048576K
GC Heap History (8 events):
Event: 1.087 GC heap before
{Heap before GC invocations=0 (full 0):
 garbage-first heap   total 129024K, used 15360K [0x0000000082200000, 0x0000000100000000)
  region size 1024K, 14 young (14336K), 0 survivors (0K)
 Metaspace       used 13434K, capacity 13832K, committed 14208K, reserved 1062912K
  class space    used 1413K, capacity 1594K, committed 1664K, reserved 1048576K
}
Event: 1.094 GC heap after
{Heap after GC invocations=1 (full 0):
 garbage-first heap   total 129024K, used 5564K [0x0000000082200000, 0x0000000100000000)
  region size 1024K, 2 young (2048K), 2 survivors (2048K)
 Metaspace       used 13434K, capacity 13832K, committed 14208K, reserved 1062912K
  class space    used 1413K, capacity 1594K, committed 1664K, reserved 1048576K
}
Event: 1.435 GC heap before
{Heap before GC invocations=1 (full 0):
 garbage-first heap   total 129024K, used 9660K [0x0000000082200000, 0x0000000100000000)
  region size 1024K, 6 young (6144K), 2 survivors (2048K)
 Metaspace       used 15538K, capacity 15915K, committed 16384K, reserved 1062912K
  class space    used 1725K, capacity 1928K, committed 2048K, reserved 1048576K
}
Event: 1.443 GC heap after
{Heap after GC invocations=2 (full 0):
 garbage-first heap   total 129024K, used 6930K [0x0000000082200000, 0x0000000100000000)
  region size 1024K, 1 young (1024K), 1 survivors (1024K)
 Metaspace       used 15538K, capacity 15915K, committed 16384K, reserved 1062912K
  class space    used 1725K, capacity 1928K, committed 2048K, reserved 1048576K
}
Event: 2.417 GC heap before
{Heap before GC invocations=2 (full 0):
 garbage-first heap   total 129024K, used 14098K [0x0000000082200000, 0x0000000100000000)
  region size 1024K, 9 young (9216K), 1 survivors (1024K)
 Metaspace       used 20410K, capacity 20974K, committed 21296K, reserved 1067008K
  class space    used 2588K, capacity 2857K, committed 2944K, reserved 1048576K
}
Event: 2.425 GC heap after
{Heap after GC invocations=3 (full 0):
 garbage-first heap   total 129024K, used 8500K [0x0000000082200000, 0x0000000100000000)
  region size 1024K, 3 young (3072K), 3 survivors (3072K)
 Metaspace       used 20410K, capacity 20974K, committed 21296K, reserved 1067008K
  class space    used 2588K, capacity 2857K, committed 2944K, reserved 1048576K
}
Event: 12.420 GC heap before
{Heap before GC invocations=4 (full 0):
 garbage-first heap   total 129024K, used 37172K [0x0000000082200000, 0x0000000100000000)
  region size 1024K, 29 young (29696K), 3 survivors (3072K)
 Metaspace       used 28516K, capacity 29505K, committed 30204K, reserved 1075200K
  class space    used 3531K, capacity 3982K, committed 4096K, reserved 1048576K
}
Event: 12.434 GC heap after
{Heap after GC invocations=5 (full 0):
 garbage-first heap   total 129024K, used 14282K [0x0000000082200000, 0x0000000100000000)
  region size 1024K, 4 young (4096K), 4 survivors (4096K)
 Metaspace       used 28516K, capacity 29505K, committed 30204K, reserved 1075200K
  class space    used 3531K, capacity 3982K, committed 4096K, reserved 1048576K
}

